<?xml version="1.0" encoding="UTF-8"?>
<!-- Generated by org.testng.reporters.JUnitXMLReporter -->
<testsuite hostname="OM-PC" name="Test" tests="1" failures="1" timestamp="30 Apr 2020 11:34:18 GMT" time="34.988" errors="0">
  <testcase name="Login" time="5.516" classname="Tests.LoginTest">
    <failure type="java.lang.AssertionError" message="expected [http://stage-showpro.herokuapp.com/dashboard] but found [http://stage-showpro.herokuapp.com/signin]">
      <![CDATA[java.lang.AssertionError: expected [http://stage-showpro.herokuapp.com/dashboard] but found [http://stage-showpro.herokuapp.com/signin]
	at Tests.LoginTest.Login(LoginTest.java:37)
... Removed 29 stack frames]]>
    </failure>
  </testcase> <!-- Login -->
</testsuite> <!-- Test -->
